<?xml version="1.0" encoding="UTF-8"?>
<!-- Generated by org.testng.reporters.JUnitReportReporter -->
<testsuite hostname="LAPTOP-GFH3K3RD" failures="0" tests="1" name="testCases.TC_002_LoginTest" time="1.448" errors="0" timestamp="2024-01-15T19:24:42 IST" skipped="0">
  <testcase classname="testCases.TC_002_LoginTest" name="test_login" time="1.448"/>
</testsuite> <!-- testCases.TC_002_LoginTest -->
