<?xml version="1.0" encoding="UTF-8"?>
<!-- Generated by org.testng.reporters.JUnitReportReporter -->
<testsuite hostname="LAPTOP-GFH3K3RD" failures="0" tests="1" name="testCases.TC_004_SearchProductTest" time="1.649" errors="0" timestamp="2024-01-15T19:24:42 IST" skipped="0">
  <testcase classname="testCases.TC_004_SearchProductTest" name="test_pruductSearch" time="1.649"/>
</testsuite> <!-- testCases.TC_004_SearchProductTest -->
