<?xml version="1.0" encoding="UTF-8"?>
<!-- Generated by org.testng.reporters.JUnitReportReporter -->
<testsuite hostname="LAPTOP-GFH3K3RD" failures="0" tests="1" name="testCases.TC_005_AddToCartPageTest" time="2.362" errors="0" timestamp="2024-01-15T19:24:42 IST" skipped="0">
  <testcase classname="testCases.TC_005_AddToCartPageTest" name="test_addToCart" time="2.362"/>
</testsuite> <!-- testCases.TC_005_AddToCartPageTest -->
